<?xml version="1.0" encoding="UTF-8"?>
<!-- Generated by org.testng.reporters.JUnitXMLReporter -->
<testsuite ignored="0" hostname="babacar-HP-15-Notebook-PC" failures="0" tests="4" name="Default test" time="58.364" errors="0" timestamp="2021-06-05T21:16:43 CEST">
  <testcase classname="laposte.com.test.TestGithub" name="testLogin" time="4.595"/>
  <testcase classname="laposte.com.test.TestGithub" name="testAddMe" time="12.572"/>
  <testcase classname="laposte.com.test.TestGithub" name="testDownLoadRepo" time="12.197"/>
  <testcase classname="laposte.com.test.TestGithub" name="testDeconnexion" time="8.767"/>
</testsuite> <!-- Default test -->
