<?xml version="1.0" encoding="UTF-8"?>
<testng-results ignored="0" total="4" passed="4" failed="0" skipped="0">
  <reporter-output>
  </reporter-output>
  <suite started-at="2021-06-05T21:15:44 CEST" name="Default suite" finished-at="2021-06-05T21:16:43 CEST" duration-ms="58364">
    <groups>
    </groups>
    <test started-at="2021-06-05T21:15:44 CEST" name="Default test" finished-at="2021-06-05T21:16:43 CEST" duration-ms="58364">
      <class name="laposte.com.test.TestGithub">
        <test-method is-config="true" signature="init()[pri:0, instance:laposte.com.test.TestGithub@2f54a33d]" started-at="2021-06-05T21:15:45 CEST" name="init" finished-at="2021-06-05T21:15:53 CEST" duration-ms="7963" status="PASS">
          <reporter-output>
          </reporter-output>
        </test-method> <!-- init -->
        <test-method signature="testLogin()[pri:1, instance:laposte.com.test.TestGithub@2f54a33d]" started-at="2021-06-05T21:15:53 CEST" name="testLogin" finished-at="2021-06-05T21:15:57 CEST" duration-ms="4595" status="PASS">
          <reporter-output>
          </reporter-output>
        </test-method> <!-- testLogin -->
        <test-method is-config="true" signature="close()[pri:0, instance:laposte.com.test.TestGithub@2f54a33d]" started-at="2021-06-05T21:15:57 CEST" name="close" finished-at="2021-06-05T21:15:57 CEST" duration-ms="147" status="PASS">
          <reporter-output>
          </reporter-output>
        </test-method> <!-- close -->
        <test-method is-config="true" signature="init()[pri:0, instance:laposte.com.test.TestGithub@2f54a33d]" started-at="2021-06-05T21:15:57 CEST" name="init" finished-at="2021-06-05T21:16:01 CEST" duration-ms="3511" status="PASS">
          <reporter-output>
          </reporter-output>
        </test-method> <!-- init -->
        <test-method signature="testAddMe()[pri:2, instance:laposte.com.test.TestGithub@2f54a33d]" started-at="2021-06-05T21:16:01 CEST" name="testAddMe" finished-at="2021-06-05T21:16:13 CEST" duration-ms="12572" status="PASS">
          <reporter-output>
          </reporter-output>
        </test-method> <!-- testAddMe -->
        <test-method is-config="true" signature="close()[pri:0, instance:laposte.com.test.TestGithub@2f54a33d]" started-at="2021-06-05T21:16:13 CEST" name="close" finished-at="2021-06-05T21:16:14 CEST" duration-ms="213" status="PASS">
          <reporter-output>
          </reporter-output>
        </test-method> <!-- close -->
        <test-method is-config="true" signature="init()[pri:0, instance:laposte.com.test.TestGithub@2f54a33d]" started-at="2021-06-05T21:16:14 CEST" name="init" finished-at="2021-06-05T21:16:17 CEST" duration-ms="3395" status="PASS">
          <reporter-output>
          </reporter-output>
        </test-method> <!-- init -->
        <test-method signature="testDownLoadRepo()[pri:3, instance:laposte.com.test.TestGithub@2f54a33d]" started-at="2021-06-05T21:16:17 CEST" name="testDownLoadRepo" finished-at="2021-06-05T21:16:29 CEST" duration-ms="12197" status="PASS">
          <reporter-output>
          </reporter-output>
        </test-method> <!-- testDownLoadRepo -->
        <test-method is-config="true" signature="close()[pri:0, instance:laposte.com.test.TestGithub@2f54a33d]" started-at="2021-06-05T21:16:29 CEST" name="close" finished-at="2021-06-05T21:16:29 CEST" duration-ms="163" status="PASS">
          <reporter-output>
          </reporter-output>
        </test-method> <!-- close -->
        <test-method is-config="true" signature="init()[pri:0, instance:laposte.com.test.TestGithub@2f54a33d]" started-at="2021-06-05T21:16:29 CEST" name="init" finished-at="2021-06-05T21:16:33 CEST" duration-ms="3351" status="PASS">
          <reporter-output>
          </reporter-output>
        </test-method> <!-- init -->
        <test-method signature="testDeconnexion()[pri:4, instance:laposte.com.test.TestGithub@2f54a33d]" started-at="2021-06-05T21:16:33 CEST" name="testDeconnexion" finished-at="2021-06-05T21:16:42 CEST" duration-ms="8767" status="PASS">
          <reporter-output>
          </reporter-output>
        </test-method> <!-- testDeconnexion -->
        <test-method is-config="true" signature="close()[pri:0, instance:laposte.com.test.TestGithub@2f54a33d]" started-at="2021-06-05T21:16:42 CEST" name="close" finished-at="2021-06-05T21:16:43 CEST" duration-ms="1316" status="PASS">
          <reporter-output>
          </reporter-output>
        </test-method> <!-- close -->
      </class> <!-- laposte.com.test.TestGithub -->
    </test> <!-- Default test -->
  </suite> <!-- Default suite -->
</testng-results>
